0
1
2
3
6
7
9
10
11
12
13
15
17
19
20
21
22
23
24
25
26
27
28
29
30
31
33
34
35
36
38
40
41
42
43
45
46
47
48
49
51
53
54
55
56
58
59
60
61
62
64
65
66
68
69
70
71
73
74
75
78
79
80
81
83
84
86
87
88
89
91
92
93
94
97
98
99
100
101
102
103
104
106
107
109
111
112
116
117
118
120
121
123
124
125
126
127
128
129
130
131
132
133
134
136
137
139
141
142
143
144
145
147
148
150
151
152
153
155
157
160
162
163
164
166
168
169
170
172
173
174
175
176
177
179
181
183
184
186
187
188
189
190
191
193
195
197
199
200
201
204
206
207
208
209
210
211
212
213
217
219
220
223
224
225
226
228
229
230
231
232
233
234
235
236
237
239
240
241
242
243
244
246
247
248
249
250
251
252
253
254
255
256
258
262
263
264
267
268
269
270
271
272
274
275
276
277
278
279
281
283
284
285
288
290
291
292
294
295
296
297
298
299
300
301
302
303
304
305
306
307
308
309
310
312
315
316
317
319
320
324
325
326
328
329
330
332
333
334
335
336
338
339
340
341
344
345
347
348
351
352
353
354
355
356
360
361
363
364
366
368
370
371
372
373
375
376
377
378
379
380
381
383
384
386
388
390
391
392
394
395
396
397
398
399
400
402
403
404
406
407
408
410
412
417
418
419
420
423
424
425
426
428
429
430
431
432
433
434
435
436
437
439
440
441
442
445
446
447
448
450
451
452
453
455
456
457
458
460
462
463
464
465
466
467
470
471
472
473
474
475
476
477
478
480
482
485
486
487
488
489
490
491
492
493
494
498
499
500
501
502
503
504
505
506
507
508
509
510
511
512
513
516
517
518
519
521
523
524
525
526
527
528
529
530
532
534
535
536
537
538
540
541
542
543
544
545
546
549
550
551
552
553
554
555
556
557
559
561
563
564
565
566
567
568
569
571
572
574
575
576
577
578
580
581
582
584
585
586
587
588
589
590
591
592
593
595
596
597
600
601
602
604
605
608
609
611
613
614
615
616
617
619
620
621
623
625
626
627
628
629
631
632
633
636
638
639
641
642
643
644
645
648
649
653
654
655
658
660
661
662
664
665
666
668
669
670
672
673
674
676
677
678
681
682
683
685
686
687
688
689
690
691
692
693
695
696
697
698
699
701
702
703
705
706
707
708
709
710
711
712
713
714
715
716
717
718
719
722
724
726
727
728
729
731
732
733
734
736
737
739
740
743
744
745
746
748
749
