1
8
16
24
25
26
29
30
35
37
42
43
60
65
68
69
70
71
99
101
102
129
132
140
143
151
152
156
165
171
182
194
202
205
211
216
220
225
226
232
246
247
257
265
269
274
282
295
296
301
302
322
337
339
342
354
363
364
377
380
397
402
408
413
419
422
427
434
441
451
452
477
480
492
498
504
505
507
512
513
516
521
527
535
539
551
553
564
568
569
571
580
591
595
604
611
616
619
628
634
642
649
659
665
672
677
678
680
682
686
687
691
696
715
730
734
735
757
758
769
777
779
780
799
800
809
833
837
842
877
890
904
913
914
915
920
936
948
969
974
985
992
996
1000
1001
1005
1008
1016
1018
1027
1034
1036
1038
1045
