1
7
8
16
24
25
26
29
30
35
37
42
43
60
65
68
69
70
71
73
80
99
101
102
129
132
140
143
151
152
156
163
165
171
182
194
198
201
202
205
211
216
220
225
226
232
237
246
247
257
259
263
265
274
282
285
291
295
296
301
302
322
327
337
339
342
354
361
363
364
377
380
393
397
402
404
408
413
414
416
417
419
420
422
427
434
439
441
451
452
458
463
466
477
480
492
498
504
505
507
512
513
516
521
527
535
537
539
544
551
553
558
564
568
569
571
578
580
582
591
594
604
611
616
619
628
630
633
634
642
649
659
665
672
675
677
678
680
682
686
687
691
695
696
715
730
732
734
735
743
751
757
758
769
771
777
779
780
793
794
799
800
809
833
836
837
842
877
890
904
913
914
915
920
936
948
969
974
975
985
992
996
1000
1001
1004
1005
1008
1016
1018
1027
1034
1036
1038
1045
1049
